12-13 15:59:40 [info] [FFmpeg] 检查 Native Addon 可用性...
12-13 15:59:40 [info] [FFmpeg] ✓ 使用 Native Addon 适配器
12-13 15:59:40 [info] [StdOut] 已重定向到命名管道: \\.\pipe\NapCat_46348
12-13 15:59:40 [info] [PacketHandler] 加载成功
12-13 15:59:40 [info] [PacketHandler] 初始化成功
12-13 15:59:40 [info] [NapCat] [Core] NapCat.Core Version: 4.9.81
12-13 15:59:40 [info] [NapCat] [WebUi] WebUi Token: 596ace287c02
12-13 15:59:40 [info] [NapCat] [WebUi] WebUi User Panel Url: http://127.0.0.1:6099/webui?token=596ace287c02
12-13 15:59:40 [info] [NapCat] [WebUi] WebUi User Panel Url: http://0.0.0.0:6099/webui?token=596ace287c02
12-13 15:59:40 [info] 等待网络连接...
12-13 15:59:41 [info] 网络已连接
12-13 15:59:41 [info] 没有 -q 指令指定快速登录，将使用二维码登录方式
12-13 15:59:41 [info] 可用于快速登录的 QQ：
1. 2408233735 ASTER`青筠🐑
2. 2929601170 以泽
3. 739918446 tys73
12-13 15:59:41 [warn] 请扫描下面的二维码，然后在手Q上授权登录：
12-13 15:59:41 [warn] 

▄▄▄▄▄▄▄▄▄▄▄▄▄▄▄▄▄▄▄▄▄▄▄▄▄▄▄▄▄▄▄▄▄▄▄
█ ▄▄▄▄▄ █▄▄███▀▄█▀█▀▄▄▄  ▄█ ▄▄▄▄▄ █
█ █   █ █ ▀█ ▄ █▀ ▀█ ▄█  ▀█ █   █ █
█ █▄▄▄█ █▄ ▄▄▀▀█▄█ █▀▀█▄█▀█ █▄▄▄█ █
█▄▄▄▄▄▄▄█▄▀▄▀▄█ █ ▀ ▀ █ █ █▄▄▄▄▄▄▄█
█▄▄ ▄█▀▄▀▄▀████▀▄█▄   ▀▀▄█▄▀█▄▄ ▀ █
█▀▄ ██▀▄ ▄██▀▀▀▄▀██▀▀▀▄▀ ██ ▀▄█▄ ▄█
█ ▀█ ▄▄▄▀▄▄▀ █▄█ ▀▄███▀▄▄ ▄█▄▄ ▀▀██
█ ▄   █▄▄ ███ ▄██ █▄   ▀█ ▀  ▄█ ███
█▀██▀▄▄▄██  ▄▀  ▀▀█ ▄ ▄ ▀▀      ▄ █
█▄ ▀▄█▄▄▄▄▄ ▄ █▀▄▄ ▄▀▀▄ ▀▀  ██ █▄▀█
█   ▄ ▀▄ ▀ ▄▄ █▀    ▄▀ ▀  ▄▀▄█▀▄▀▀█
██▀▀▄▀▄▄ ██▀▄▄▀ █ ▄▄▀▄█▀ ▄▄▀▀▄▀▄ ▄█
█▄███▄▄▄▄ ▄▀▀ ▄█ ▀▄█▄█▀▄  ▄▄▄ ▄██▄█
█ ▄▄▄▄▄ ████ ██▄█ █▀ ▀▀▀  █▄█ ▀▀███
█ █   █ █▀▄▀██  ▀ ▄ ▀ ▀   ▄▄▄▄█  ▄█
█ █▄▄▄█ █ ▀▀▀ █▀ ▀▀ ▀▄▄█▄▀▄ ▄▀█▄▄▀█
█▄▄▄▄▄▄▄█▄▄▄█▄██▄▄█▄▄█▄███▄███▄▄███

二维码解码URL: https://txz.qq.com/p?k=ijO*4uRoepmHgFHBoEsMvccmrlhQN6aI&f=1600001604
如果控制台二维码无法扫码，可以复制解码url到二维码生成网站生成二维码再扫码，也可以打开下方的二维码路径图片进行扫码。
12-13 15:59:41 [warn] 二维码已保存到 F:\project\Haibara\QQ_bot\NapCat.Shell\cache\qrcode.png
